CRITICAL - 2023-08-11 07:07:32 --> Undefined variable $lumpsum
in APPPATH\Views\pages\gup\index.php on line 51.
 1 APPPATH\Views\pages\gup\index.php(51): CodeIgniter\Debug\Exceptions->errorHandler(2, 'Undefined variable $lumpsum', 'APPPATH\\Views\\pages\\gup\\index.php', 51)
 2 SYSTEMPATH\View\View.php(213): include('APPPATH\\Views\\pages\\gup\\index.php')
 3 SYSTEMPATH\View\View.php(216): CodeIgniter\View\View->CodeIgniter\View\{closure}()
 4 SYSTEMPATH\Common.php(1134): CodeIgniter\View\View->render('pages/gup/index', [], true)
 5 APPPATH\Controllers\GUPController.php(41): view('pages/gup/index', [...])
 6 SYSTEMPATH\CodeIgniter.php(927): App\Controllers\GUPController->index()
 7 SYSTEMPATH\CodeIgniter.php(482): CodeIgniter\CodeIgniter->runController(Object(App\Controllers\GUPController))
 8 SYSTEMPATH\CodeIgniter.php(351): CodeIgniter\CodeIgniter->handleRequest(null, Object(Config\Cache), false)
 9 FCPATH\index.php(67): CodeIgniter\CodeIgniter->run()
10 SYSTEMPATH\Commands\Server\rewrite.php(46): require_once('FCPATH\\index.php')
CRITICAL - 2023-08-11 07:14:59 --> strpos(): Argument #3 ($offset) must be contained in argument #1 ($haystack)
in SYSTEMPATH\Validation\Validation.php on line 807.
 1 SYSTEMPATH\Validation\Validation.php(807): strpos('required|is_unique[lumpsum.no_spm', '|', 34)
 2 SYSTEMPATH\Validation\Validation.php(145): CodeIgniter\Validation\Validation->splitRules([...])
 3 SYSTEMPATH\Controller.php(140): CodeIgniter\Validation\Validation->run()
 4 APPPATH\Controllers\LumpsumController.php(111): CodeIgniter\Controller->validate([...])
 5 SYSTEMPATH\CodeIgniter.php(927): App\Controllers\LumpsumController->update('20')
 6 SYSTEMPATH\CodeIgniter.php(482): CodeIgniter\CodeIgniter->runController(Object(App\Controllers\LumpsumController))
 7 SYSTEMPATH\CodeIgniter.php(351): CodeIgniter\CodeIgniter->handleRequest(null, Object(Config\Cache), false)
 8 FCPATH\index.php(67): CodeIgniter\CodeIgniter->run()
 9 SYSTEMPATH\Commands\Server\rewrite.php(46): require_once('FCPATH\\index.php')
