CRITICAL - 2023-08-02 22:45:07 --> Undefined variable $validation
in APPPATH\Views\pages\profil\index.php on line 64.
 1 APPPATH\Views\pages\profil\index.php(64): CodeIgniter\Debug\Exceptions->errorHandler(2, 'Undefined variable $validation', 'APPPATH\\Views\\pages\\profil\\index.php', 64)
 2 SYSTEMPATH\View\View.php(213): include('APPPATH\\Views\\pages\\profil\\index.php')
 3 SYSTEMPATH\View\View.php(216): CodeIgniter\View\View->CodeIgniter\View\{closure}()
 4 SYSTEMPATH\Common.php(1134): CodeIgniter\View\View->render('pages/profil/index', [], true)
 5 APPPATH\Controllers\ProfilController.php(23): view('pages/profil/index', [...])
 6 SYSTEMPATH\CodeIgniter.php(927): App\Controllers\ProfilController->index()
 7 SYSTEMPATH\CodeIgniter.php(482): CodeIgniter\CodeIgniter->runController(Object(App\Controllers\ProfilController))
 8 SYSTEMPATH\CodeIgniter.php(351): CodeIgniter\CodeIgniter->handleRequest(null, Object(Config\Cache), false)
 9 FCPATH\index.php(67): CodeIgniter\CodeIgniter->run()
10 SYSTEMPATH\Commands\Server\rewrite.php(46): require_once('FCPATH\\index.php')
CRITICAL - 2023-08-02 22:45:12 --> Undefined variable $validation
in APPPATH\Views\pages\profil\index.php on line 64.
 1 APPPATH\Views\pages\profil\index.php(64): CodeIgniter\Debug\Exceptions->errorHandler(2, 'Undefined variable $validation', 'APPPATH\\Views\\pages\\profil\\index.php', 64)
 2 SYSTEMPATH\View\View.php(213): include('APPPATH\\Views\\pages\\profil\\index.php')
 3 SYSTEMPATH\View\View.php(216): CodeIgniter\View\View->CodeIgniter\View\{closure}()
 4 SYSTEMPATH\Common.php(1134): CodeIgniter\View\View->render('pages/profil/index', [], true)
 5 APPPATH\Controllers\ProfilController.php(23): view('pages/profil/index', [...])
 6 SYSTEMPATH\CodeIgniter.php(927): App\Controllers\ProfilController->index()
 7 SYSTEMPATH\CodeIgniter.php(482): CodeIgniter\CodeIgniter->runController(Object(App\Controllers\ProfilController))
 8 SYSTEMPATH\CodeIgniter.php(351): CodeIgniter\CodeIgniter->handleRequest(null, Object(Config\Cache), false)
 9 FCPATH\index.php(67): CodeIgniter\CodeIgniter->run()
10 SYSTEMPATH\Commands\Server\rewrite.php(46): require_once('FCPATH\\index.php')
CRITICAL - 2023-08-02 22:45:44 --> Undefined variable $validation
in APPPATH\Views\pages\profil\index.php on line 64.
 1 APPPATH\Views\pages\profil\index.php(64): CodeIgniter\Debug\Exceptions->errorHandler(2, 'Undefined variable $validation', 'APPPATH\\Views\\pages\\profil\\index.php', 64)
 2 SYSTEMPATH\View\View.php(213): include('APPPATH\\Views\\pages\\profil\\index.php')
 3 SYSTEMPATH\View\View.php(216): CodeIgniter\View\View->CodeIgniter\View\{closure}()
 4 SYSTEMPATH\Common.php(1134): CodeIgniter\View\View->render('pages/profil/index', [], true)
 5 APPPATH\Controllers\ProfilController.php(23): view('pages/profil/index', [...])
 6 SYSTEMPATH\CodeIgniter.php(927): App\Controllers\ProfilController->index()
 7 SYSTEMPATH\CodeIgniter.php(482): CodeIgniter\CodeIgniter->runController(Object(App\Controllers\ProfilController))
 8 SYSTEMPATH\CodeIgniter.php(351): CodeIgniter\CodeIgniter->handleRequest(null, Object(Config\Cache), false)
 9 FCPATH\index.php(67): CodeIgniter\CodeIgniter->run()
10 SYSTEMPATH\Commands\Server\rewrite.php(46): require_once('FCPATH\\index.php')
